Compiling the C compiler identification source file "CMakeCCompilerId.c" failed.
Compiler: /usr/bin/clang 
Build flags: 
Id flags:  

The output was:
1
clang: error: no such file or directory: 'CMakeCCompilerId.c'
clang: error: no input files


Compiling the C compiler identification source file "CMakeCCompilerId.c" failed.
Compiler: /bin/clang-10 
Build flags: 
Id flags:  

The output was:
1
clang: error: no such file or directory: 'CMakeCCompilerId.c'
clang: error: no input files


Determining if the C compiler works failed with the following output:
Change Dir: /home/ratmir/KlassWork/kw3/build/CMakeFiles/CMakeTmp

Run Build Command(s):/usr/bin/make cmTC_9af34/fast && /usr/bin/make -f CMakeFiles/cmTC_9af34.dir/build.make CMakeFiles/cmTC_9af34.dir/build
make[1]: вход в каталог «/home/ratmir/KlassWork/kw3/build/CMakeFiles/CMakeTmp»
Building C object CMakeFiles/cmTC_9af34.dir/testCCompiler.c.o
/bin/clang-10    -o CMakeFiles/cmTC_9af34.dir/testCCompiler.c.o   -c /home/ratmir/KlassWork/kw3/build/CMakeFiles/CMakeTmp/testCCompiler.c
Linking C executable cmTC_9af34
/usr/bin/cmake -E cmake_link_script CMakeFiles/cmTC_9af34.dir/link.txt --verbose=1
Error opening link script "CMakeFiles/cmTC_9af34.dir/link.txt"
make[1]: *** [CMakeFiles/cmTC_9af34.dir/build.make:87: cmTC_9af34] Ошибка 1
make[1]: выход из каталога «/home/ratmir/KlassWork/kw3/build/CMakeFiles/CMakeTmp»
make: *** [Makefile:121: cmTC_9af34/fast] Ошибка 2



